<?xml version="1.0" encoding="UTF-8"?>
<!-- Generated by org.testng.reporters.JUnitXMLReporter -->
<testsuite hostname="ws-tr-cp1218" ignored="4" name="Default test" tests="1" failures="0" timestamp="23 Aug 2017 09:49:03 GMT" time="1.066" errors="0">
  <testcase name="TC_005_Json_005" time="0.747" classname="com.eleks.APITEST.TestOne.AppTestJSON"/>
  <testcase name="TC_002_Json_002" time="0.0" classname="com.eleks.APITEST.TestOne.AppTestJSON">
    <ignored/>
  </testcase> <!-- TC_002_Json_002 -->
  <testcase name="TC_003_Json_003" time="0.0" classname="com.eleks.APITEST.TestOne.AppTestJSON">
    <ignored/>
  </testcase> <!-- TC_003_Json_003 -->
  <testcase name="TC_001_Json_001" time="0.0" classname="com.eleks.APITEST.TestOne.AppTestJSON">
    <ignored/>
  </testcase> <!-- TC_001_Json_001 -->
  <testcase name="TC_004_Json_004" time="0.0" classname="com.eleks.APITEST.TestOne.AppTestJSON">
    <ignored/>
  </testcase> <!-- TC_004_Json_004 -->
</testsuite> <!-- Default test -->
