<?xml version="1.0" encoding="UTF-8"?>
<testng-results skipped="0" failed="0" ignored="4" total="5" passed="1">
  <reporter-output>
  </reporter-output>
  <suite name="Default suite" duration-ms="1066" started-at="2017-08-23T09:49:02Z" finished-at="2017-08-23T09:49:03Z">
    <groups>
    </groups>
    <test name="Default test" duration-ms="1066" started-at="2017-08-23T09:49:02Z" finished-at="2017-08-23T09:49:03Z">
      <class name="com.eleks.APITEST.TestOne.AppTestJSON">
        <test-method status="PASS" signature="setUp()[pri:0, instance:com.eleks.APITEST.TestOne.AppTestJSON@204f30ec]" name="setUp" is-config="true" duration-ms="301" started-at="2017-08-23T12:49:02Z" finished-at="2017-08-23T12:49:03Z">
          <reporter-output>
          </reporter-output>
        </test-method> <!-- setUp -->
        <test-method status="PASS" signature="TC_005_Json_005()[pri:0, instance:com.eleks.APITEST.TestOne.AppTestJSON@204f30ec]" name="TC_005_Json_005" duration-ms="747" started-at="2017-08-23T12:49:03Z" finished-at="2017-08-23T12:49:03Z">
          <reporter-output>
          </reporter-output>
        </test-method> <!-- TC_005_Json_005 -->
      </class> <!-- com.eleks.APITEST.TestOne.AppTestJSON -->
    </test> <!-- Default test -->
  </suite> <!-- Default suite -->
</testng-results>
